Start testing: Jul 19 08:30 UTC
----------------------------------------------------------
Unable to find executable: /Users/kohsaku/Library/CloudStorage/OneDrive-個人用/Documents/workspace/ローカル開発/device_reminder/build/test_app
1/1 Testing: AllTests
1/1 Test: AllTests
Command: ""
Directory: /workspace/device_reminder/build
"AllTests" start time: 
Output:
----------------------------------------------------------
<end of output>
Test time =   0.00 sec
----------------------------------------------------------
Test Passed.
"AllTests" end time: Jul 19 08:30 UTC
"AllTests" time elapsed: 00:00:00
----------------------------------------------------------

End testing: Jul 19 08:30 UTC
